<?xml version="1.0" encoding="UTF-8"?>
<testsuite name="account.AccountTest" tests="1" skipped="0" failures="0" errors="0" timestamp="2022-12-04T06:41:05" hostname="baegjaeuiiPhone" time="0.044">
  <properties/>
  <testcase name="testAccount()" classname="account.AccountTest" time="0.044"/>
  <system-out><![CDATA[]]></system-out>
  <system-err><![CDATA[]]></system-err>
</testsuite>
